# JRE version: Java(TM) SE Runtime Environment (21.0.9+7) (build 21.0.9+7-LTS-338)
# Java VM: Java HotSpot(TM) 64-Bit Server VM (21.0.9+7-LTS-338, mixed mode, sharing, tiered, compressed oops, compressed class ptrs, g1 gc, windows-amd64)
GC Precious Log:
 CardTable entry size: 512
 Card Set container configuration: InlinePtr #cards 4 size 8 Array Of Cards #cards 16 size 48 Howl #buckets 8 coarsen threshold 3686 Howl Bitmap #cards 512 size 80 coarsen threshold 460 Card regions per heap region 1 cards per card region 4096
 CPUs: 4 total, 4 available
 Memory: 3459M
 Large Page Support: Disabled
 NUMA Support: Disabled
 Compressed Oops: Enabled (Zero based)
 Heap Region Size: 2M
 Heap Min Capacity: 8M
 Heap Initial Capacity: 56M
 Heap Max Capacity: 4G
 Pre-touch: Disabled
 Parallel Workers: 4
 Concurrent Workers: 1
 Concurrent Refinement Workers: 4
 Periodic GC: Disabled
Heap:
 garbage-first heap   total 780288K, used 515118K [0x0000000700000000, 0x0000000800000000)
  region size 2048K, 170 young (348160K), 19 survivors (38912K)
 Metaspace       used 175193K, committed 178048K, reserved 1048576K
  class space    used 21481K, committed 22912K, reserved 851968K
GC Heap History (20 events):
Event: 198.969 GC heap before
{Heap before GC invocations=112 (full 0):
 garbage-first heap   total 583680K, used 504832K [0x0000000700000000, 0x0000000800000000)
  region size 2048K, 171 young (350208K), 5 survivors (10240K)
 Metaspace       used 166618K, committed 169344K, reserved 1048576K
  class space    used 20451K, committed 21824K, reserved 851968K
}
Event: 199.043 GC heap after
{Heap after GC invocations=113 (full 0):
 garbage-first heap   total 583680K, used 174920K [0x0000000700000000, 0x0000000800000000)
  region size 2048K, 12 young (24576K), 12 survivors (24576K)
 Metaspace       used 166618K, committed 169344K, reserved 1048576K
  class space    used 20451K, committed 21824K, reserved 851968K
}
Event: 199.126 GC heap before
{Heap before GC invocations=113 (full 0):
 garbage-first heap   total 583680K, used 185160K [0x0000000700000000, 0x0000000800000000)
  region size 2048K, 18 young (36864K), 12 survivors (24576K)
 Metaspace       used 166618K, committed 169344K, reserved 1048576K
  class space    used 20451K, committed 21824K, reserved 851968K
}
Event: 199.156 GC heap after
{Heap after GC invocations=114 (full 0):
 garbage-first heap   total 583680K, used 175896K [0x0000000700000000, 0x0000000800000000)
  region size 2048K, 13 young (26624K), 13 survivors (26624K)
 Metaspace       used 166618K, committed 169344K, reserved 1048576K
  class space    used 20451K, committed 21824K, reserved 851968K
}
Event: 201.933 GC heap before
{Heap before GC invocations=115 (full 0):
 garbage-first heap   total 649216K, used 522008K [0x0000000700000000, 0x0000000800000000)
  region size 2048K, 181 young (370688K), 13 survivors (26624K)
 Metaspace       used 166760K, committed 169536K, reserved 1048576K
  class space    used 20452K, committed 21824K, reserved 851968K
}
Event: 201.961 GC heap after
{Heap after GC invocations=116 (full 0):
 garbage-first heap   total 649216K, used 181064K [0x0000000700000000, 0x0000000800000000)
  region size 2048K, 13 young (26624K), 13 survivors (26624K)
 Metaspace       used 166760K, committed 169536K, reserved 1048576K
  class space    used 20452K, committed 21824K, reserved 851968K
}
Event: 203.062 GC heap before
{Heap before GC invocations=116 (full 0):
 garbage-first heap   total 649216K, used 543560K [0x0000000700000000, 0x0000000800000000)
  region size 2048K, 190 young (389120K), 13 survivors (26624K)
 Metaspace       used 166776K, committed 169536K, reserved 1048576K
  class space    used 20452K, committed 21824K, reserved 851968K
}
Event: 203.116 GC heap after
{Heap after GC invocations=117 (full 0):
 garbage-first heap   total 649216K, used 180761K [0x0000000700000000, 0x0000000800000000)
  region size 2048K, 14 young (28672K), 14 survivors (28672K)
 Metaspace       used 166776K, committed 169536K, reserved 1048576K
  class space    used 20452K, committed 21824K, reserved 851968K
}
Event: 204.223 GC heap before
{Heap before GC invocations=117 (full 0):
 garbage-first heap   total 649216K, used 541209K [0x0000000700000000, 0x0000000800000000)
  region size 2048K, 190 young (389120K), 14 survivors (28672K)
 Metaspace       used 166777K, committed 169536K, reserved 1048576K
  class space    used 20452K, committed 21824K, reserved 851968K
}
Event: 204.265 GC heap after
{Heap after GC invocations=118 (full 0):
 garbage-first heap   total 649216K, used 184366K [0x0000000700000000, 0x0000000800000000)
  region size 2048K, 13 young (26624K), 13 survivors (26624K)
 Metaspace       used 166777K, committed 169536K, reserved 1048576K
  class space    used 20452K, committed 21824K, reserved 851968K
}
Event: 205.903 GC heap before
{Heap before GC invocations=118 (full 0):
 garbage-first heap   total 649216K, used 550958K [0x0000000700000000, 0x0000000800000000)
  region size 2048K, 190 young (389120K), 13 survivors (26624K)
 Metaspace       used 166808K, committed 169600K, reserved 1048576K
  class space    used 20452K, committed 21824K, reserved 851968K
}
Event: 205.925 GC heap after
{Heap after GC invocations=119 (full 0):
 garbage-first heap   total 649216K, used 181294K [0x0000000700000000, 0x0000000800000000)
  region size 2048K, 11 young (22528K), 11 survivors (22528K)
 Metaspace       used 166808K, committed 169600K, reserved 1048576K
  class space    used 20452K, committed 21824K, reserved 851968K
}
Event: 207.018 GC heap before
{Heap before GC invocations=119 (full 0):
 garbage-first heap   total 649216K, used 556078K [0x0000000700000000, 0x0000000800000000)
  region size 2048K, 190 young (389120K), 11 survivors (22528K)
 Metaspace       used 166818K, committed 169600K, reserved 1048576K
  class space    used 20453K, committed 21824K, reserved 851968K
}
Event: 207.038 GC heap after
{Heap after GC invocations=120 (full 0):
 garbage-first heap   total 649216K, used 179246K [0x0000000700000000, 0x0000000800000000)
  region size 2048K, 10 young (20480K), 10 survivors (20480K)
 Metaspace       used 166818K, committed 169600K, reserved 1048576K
  class space    used 20453K, committed 21824K, reserved 851968K
}
Event: 209.795 GC heap before
{Heap before GC invocations=120 (full 0):
 garbage-first heap   total 649216K, used 490542K [0x0000000700000000, 0x0000000800000000)
  region size 2048K, 159 young (325632K), 10 survivors (20480K)
 Metaspace       used 171974K, committed 174720K, reserved 1048576K
  class space    used 21144K, committed 22528K, reserved 851968K
}
Event: 209.818 GC heap after
{Heap after GC invocations=121 (full 0):
 garbage-first heap   total 649216K, used 185327K [0x0000000700000000, 0x0000000800000000)
  region size 2048K, 11 young (22528K), 11 survivors (22528K)
 Metaspace       used 171974K, committed 174720K, reserved 1048576K
  class space    used 21144K, committed 22528K, reserved 851968K
}
Event: 210.559 GC heap before
{Heap before GC invocations=121 (full 0):
 garbage-first heap   total 649216K, used 232431K [0x0000000700000000, 0x0000000800000000)
  region size 2048K, 32 young (65536K), 11 survivors (22528K)
 Metaspace       used 172048K, committed 174784K, reserved 1048576K
  class space    used 21144K, committed 22528K, reserved 851968K
}
Event: 210.582 GC heap after
{Heap after GC invocations=122 (full 0):
 garbage-first heap   total 649216K, used 186414K [0x0000000700000000, 0x0000000800000000)
  region size 2048K, 12 young (24576K), 12 survivors (24576K)
 Metaspace       used 172048K, committed 174784K, reserved 1048576K
  class space    used 21144K, committed 22528K, reserved 851968K
}
Event: 210.846 GC heap before
{Heap before GC invocations=122 (full 0):
 garbage-first heap   total 649216K, used 247854K [0x0000000700000000, 0x0000000800000000)
  region size 2048K, 40 young (81920K), 12 survivors (24576K)
 Metaspace       used 172048K, committed 174784K, reserved 1048576K
  class space    used 21144K, committed 22528K, reserved 851968K
}
Event: 210.898 GC heap after
{Heap after GC invocations=123 (full 0):
 garbage-first heap   total 780288K, used 201774K [0x0000000700000000, 0x0000000800000000)
  region size 2048K, 19 young (38912K), 19 survivors (38912K)
 Metaspace       used 172048K, committed 174784K, reserved 1048576K
  class space    used 21144K, committed 22528K, reserved 851968K
}

