# JRE version: OpenJDK Runtime Environment Temurin-17.0.16+8 (17.0.16+8) (build 17.0.16+8)
# Java VM: OpenJDK 64-Bit Server VM Temurin-17.0.16+8 (17.0.16+8, mixed mode, sharing, tiered, compressed oops, compressed class ptrs, g1 gc, windows-amd64)
GC Precious Log:
 CPUs: 4 total, 4 available
 Memory: 3459M
 Large Page Support: Disabled
 NUMA Support: Disabled
 Compressed Oops: Enabled (Zero based)
 Heap Region Size: 4M
 Heap Min Capacity: 8M
 Heap Initial Capacity: 56M
 Heap Max Capacity: 8G
 Pre-touch: Disabled
 Parallel Workers: 4
 Concurrent Workers: 1
 Concurrent Refinement Workers: 4
 Periodic GC: Disabled
Heap:
 garbage-first heap   total 1306624K, used 348807K [0x0000000600000000, 0x0000000800000000)
  region size 4096K, 1 young (4096K), 1 survivors (4096K)
 Metaspace       used 186001K, committed 187328K, reserved 1048576K
  class space    used 22533K, committed 23168K, reserved 851968K
GC Heap History (20 events):
Event: 371.364 GC heap after
{Heap after GC invocations=109 (full 0):
 garbage-first heap   total 925696K, used 278862K [0x0000000600000000, 0x0000000800000000)
  region size 4096K, 10 young (40960K), 10 survivors (40960K)
 Metaspace       used 185615K, committed 186880K, reserved 1048576K
  class space    used 22514K, committed 23168K, reserved 851968K
}
Event: 373.256 GC heap before
{Heap before GC invocations=109 (full 0):
 garbage-first heap   total 925696K, used 762190K [0x0000000600000000, 0x0000000800000000)
  region size 4096K, 128 young (524288K), 10 survivors (40960K)
 Metaspace       used 185630K, committed 186944K, reserved 1048576K
  class space    used 22516K, committed 23168K, reserved 851968K
}
Event: 373.349 GC heap after
{Heap after GC invocations=110 (full 0):
 garbage-first heap   total 925696K, used 285521K [0x0000000600000000, 0x0000000800000000)
  region size 4096K, 10 young (40960K), 10 survivors (40960K)
 Metaspace       used 185630K, committed 186944K, reserved 1048576K
  class space    used 22516K, committed 23168K, reserved 851968K
}
Event: 374.825 GC heap before
{Heap before GC invocations=110 (full 0):
 garbage-first heap   total 925696K, used 768849K [0x0000000600000000, 0x0000000800000000)
  region size 4096K, 128 young (524288K), 10 survivors (40960K)
 Metaspace       used 185632K, committed 186944K, reserved 1048576K
  class space    used 22516K, committed 23168K, reserved 851968K
}
Event: 374.883 GC heap after
{Heap after GC invocations=111 (full 0):
 garbage-first heap   total 925696K, used 292049K [0x0000000600000000, 0x0000000800000000)
  region size 4096K, 10 young (40960K), 10 survivors (40960K)
 Metaspace       used 185632K, committed 186944K, reserved 1048576K
  class space    used 22516K, committed 23168K, reserved 851968K
}
Event: 375.923 GC heap before
{Heap before GC invocations=111 (full 0):
 garbage-first heap   total 925696K, used 779473K [0x0000000600000000, 0x0000000800000000)
  region size 4096K, 129 young (528384K), 10 survivors (40960K)
 Metaspace       used 185642K, committed 186944K, reserved 1048576K
  class space    used 22517K, committed 23168K, reserved 851968K
}
Event: 376.022 GC heap after
{Heap after GC invocations=112 (full 0):
 garbage-first heap   total 925696K, used 299210K [0x0000000600000000, 0x0000000800000000)
  region size 4096K, 5 young (20480K), 5 survivors (20480K)
 Metaspace       used 185642K, committed 186944K, reserved 1048576K
  class space    used 22517K, committed 23168K, reserved 851968K
}
Event: 377.344 GC heap before
{Heap before GC invocations=112 (full 0):
 garbage-first heap   total 925696K, used 790730K [0x0000000600000000, 0x0000000800000000)
  region size 4096K, 125 young (512000K), 5 survivors (20480K)
 Metaspace       used 185643K, committed 186944K, reserved 1048576K
  class space    used 22517K, committed 23168K, reserved 851968K
}
Event: 377.375 GC heap after
{Heap after GC invocations=113 (full 0):
 garbage-first heap   total 925696K, used 302785K [0x0000000600000000, 0x0000000800000000)
  region size 4096K, 6 young (24576K), 6 survivors (24576K)
 Metaspace       used 185643K, committed 186944K, reserved 1048576K
  class space    used 22517K, committed 23168K, reserved 851968K
}
Event: 390.066 GC heap before
{Heap before GC invocations=113 (full 0):
 garbage-first heap   total 925696K, used 798401K [0x0000000600000000, 0x0000000800000000)
  region size 4096K, 126 young (516096K), 6 survivors (24576K)
 Metaspace       used 185783K, committed 187136K, reserved 1048576K
  class space    used 22526K, committed 23168K, reserved 851968K
}
Event: 390.130 GC heap after
{Heap after GC invocations=114 (full 0):
 garbage-first heap   total 1306624K, used 337525K [0x0000000600000000, 0x0000000800000000)
  region size 4096K, 15 young (61440K), 15 survivors (61440K)
 Metaspace       used 185783K, committed 187136K, reserved 1048576K
  class space    used 22526K, committed 23168K, reserved 851968K
}
Event: 394.796 GC heap before
{Heap before GC invocations=114 (full 0):
 garbage-first heap   total 1306624K, used 1058421K [0x0000000600000000, 0x0000000800000000)
  region size 4096K, 191 young (782336K), 15 survivors (61440K)
 Metaspace       used 185960K, committed 187264K, reserved 1048576K
  class space    used 22531K, committed 23168K, reserved 851968K
}
Event: 395.042 GC heap after
{Heap after GC invocations=115 (full 0):
 garbage-first heap   total 1306624K, used 341045K [0x0000000600000000, 0x0000000800000000)
  region size 4096K, 13 young (53248K), 13 survivors (53248K)
 Metaspace       used 185960K, committed 187264K, reserved 1048576K
  class space    used 22531K, committed 23168K, reserved 851968K
}
Event: 414.891 GC heap before
{Heap before GC invocations=115 (full 0):
 garbage-first heap   total 1306624K, used 1066037K [0x0000000600000000, 0x0000000800000000)
  region size 4096K, 190 young (778240K), 13 survivors (53248K)
 Metaspace       used 185988K, committed 187328K, reserved 1048576K
  class space    used 22533K, committed 23168K, reserved 851968K
}
Event: 418.062 GC heap after
{Heap after GC invocations=116 (full 0):
 garbage-first heap   total 1306624K, used 349237K [0x0000000600000000, 0x0000000800000000)
  region size 4096K, 15 young (61440K), 15 survivors (61440K)
 Metaspace       used 185988K, committed 187328K, reserved 1048576K
  class space    used 22533K, committed 23168K, reserved 851968K
}
Event: 418.080 GC heap before
{Heap before GC invocations=116 (full 0):
 garbage-first heap   total 1306624K, used 353333K [0x0000000600000000, 0x0000000800000000)
  region size 4096K, 16 young (65536K), 15 survivors (61440K)
 Metaspace       used 185988K, committed 187328K, reserved 1048576K
  class space    used 22533K, committed 23168K, reserved 851968K
}
Event: 418.250 GC heap after
{Heap after GC invocations=117 (full 0):
 garbage-first heap   total 1306624K, used 352903K [0x0000000600000000, 0x0000000800000000)
  region size 4096K, 2 young (8192K), 2 survivors (8192K)
 Metaspace       used 185988K, committed 187328K, reserved 1048576K
  class space    used 22533K, committed 23168K, reserved 851968K
}
Event: 418.801 GC heap before
{Heap before GC invocations=117 (full 0):
 garbage-first heap   total 1306624K, used 500359K [0x0000000600000000, 0x0000000800000000)
  region size 4096K, 39 young (159744K), 2 survivors (8192K)
 Metaspace       used 185988K, committed 187328K, reserved 1048576K
  class space    used 22533K, committed 23168K, reserved 851968K
}
Event: 418.840 GC heap after
{Heap after GC invocations=118 (full 0):
 garbage-first heap   total 1306624K, used 346040K [0x0000000600000000, 0x0000000800000000)
  region size 4096K, 1 young (4096K), 1 survivors (4096K)
 Metaspace       used 185988K, committed 187328K, reserved 1048576K
  class space    used 22533K, committed 23168K, reserved 851968K
}
Event: 419.663 GC heap before
{Heap before GC invocations=118 (full 0):
 garbage-first heap   total 1306624K, used 645048K [0x0000000600000000, 0x0000000800000000)
  region size 4096K, 74 young (303104K), 1 survivors (4096K)
 Metaspace       used 186001K, committed 187328K, reserved 1048576K
  class space    used 22533K, committed 23168K, reserved 851968K
}

