# JRE version: OpenJDK Runtime Environment Temurin-17.0.16+8 (17.0.16+8) (build 17.0.16+8)
# Java VM: OpenJDK 64-Bit Server VM Temurin-17.0.16+8 (17.0.16+8, mixed mode, sharing, tiered, compressed oops, compressed class ptrs, g1 gc, windows-amd64)
GC Precious Log:
 CPUs: 4 total, 4 available
 Memory: 3459M
 Large Page Support: Disabled
 NUMA Support: Disabled
 Compressed Oops: Enabled (Zero based)
 Heap Region Size: 2M
 Heap Min Capacity: 8M
 Heap Initial Capacity: 56M
 Heap Max Capacity: 4G
 Pre-touch: Disabled
 Parallel Workers: 4
 Concurrent Workers: 1
 Concurrent Refinement Workers: 4
 Periodic GC: Disabled
Heap:
 garbage-first heap   total 999424K, used 307061K [0x0000000700000000, 0x0000000800000000)
  region size 2048K, 3 young (6144K), 3 survivors (6144K)
 Metaspace       used 173039K, committed 174528K, reserved 1048576K
  class space    used 21205K, committed 21952K, reserved 851968K
GC Heap History (20 events):
Event: 135.783 GC heap after
{Heap after GC invocations=66 (full 0):
 garbage-first heap   total 499712K, used 248174K [0x0000000700000000, 0x0000000800000000)
  region size 2048K, 3 young (6144K), 3 survivors (6144K)
 Metaspace       used 165671K, committed 167168K, reserved 1048576K
  class space    used 20557K, committed 21312K, reserved 851968K
}
Event: 135.999 GC heap before
{Heap before GC invocations=66 (full 0):
 garbage-first heap   total 499712K, used 412014K [0x0000000700000000, 0x0000000800000000)
  region size 2048K, 84 young (172032K), 3 survivors (6144K)
 Metaspace       used 165672K, committed 167168K, reserved 1048576K
  class space    used 20557K, committed 21312K, reserved 851968K
}
Event: 136.012 GC heap after
{Heap after GC invocations=67 (full 0):
 garbage-first heap   total 499712K, used 238358K [0x0000000700000000, 0x0000000800000000)
  region size 2048K, 3 young (6144K), 3 survivors (6144K)
 Metaspace       used 165672K, committed 167168K, reserved 1048576K
  class space    used 20557K, committed 21312K, reserved 851968K
}
Event: 136.438 GC heap before
{Heap before GC invocations=67 (full 0):
 garbage-first heap   total 499712K, used 414486K [0x0000000700000000, 0x0000000800000000)
  region size 2048K, 90 young (184320K), 3 survivors (6144K)
 Metaspace       used 166069K, committed 167488K, reserved 1048576K
  class space    used 20608K, committed 21312K, reserved 851968K
}
Event: 136.468 GC heap after
{Heap after GC invocations=68 (full 0):
 garbage-first heap   total 999424K, used 240928K [0x0000000700000000, 0x0000000800000000)
  region size 2048K, 4 young (8192K), 4 survivors (8192K)
 Metaspace       used 166069K, committed 167488K, reserved 1048576K
  class space    used 20608K, committed 21312K, reserved 851968K
}
Event: 156.757 GC heap before
{Heap before GC invocations=68 (full 0):
 garbage-first heap   total 999424K, used 818464K [0x0000000700000000, 0x0000000800000000)
  region size 2048K, 285 young (583680K), 4 survivors (8192K)
 Metaspace       used 170932K, committed 172352K, reserved 1048576K
  class space    used 20976K, committed 21696K, reserved 851968K
}
Event: 156.825 GC heap after
{Heap after GC invocations=69 (full 0):
 garbage-first heap   total 999424K, used 248477K [0x0000000700000000, 0x0000000800000000)
  region size 2048K, 6 young (12288K), 6 survivors (12288K)
 Metaspace       used 170932K, committed 172352K, reserved 1048576K
  class space    used 20976K, committed 21696K, reserved 851968K
}
Event: 162.409 GC heap before
{Heap before GC invocations=69 (full 0):
 garbage-first heap   total 999424K, used 834205K [0x0000000700000000, 0x0000000800000000)
  region size 2048K, 292 young (598016K), 6 survivors (12288K)
 Metaspace       used 171031K, committed 172480K, reserved 1048576K
  class space    used 20981K, committed 21696K, reserved 851968K
}
Event: 162.465 GC heap after
{Heap after GC invocations=70 (full 0):
 garbage-first heap   total 999424K, used 253588K [0x0000000700000000, 0x0000000800000000)
  region size 2048K, 8 young (16384K), 8 survivors (16384K)
 Metaspace       used 171031K, committed 172480K, reserved 1048576K
  class space    used 20981K, committed 21696K, reserved 851968K
}
Event: 164.036 GC heap before
{Heap before GC invocations=70 (full 0):
 garbage-first heap   total 999424K, used 835220K [0x0000000700000000, 0x0000000800000000)
  region size 2048K, 292 young (598016K), 8 survivors (16384K)
 Metaspace       used 171048K, committed 172480K, reserved 1048576K
  class space    used 20982K, committed 21696K, reserved 851968K
}
Event: 164.078 GC heap after
{Heap after GC invocations=71 (full 0):
 garbage-first heap   total 999424K, used 260370K [0x0000000700000000, 0x0000000800000000)
  region size 2048K, 11 young (22528K), 11 survivors (22528K)
 Metaspace       used 171048K, committed 172480K, reserved 1048576K
  class space    used 20982K, committed 21696K, reserved 851968K
}
Event: 165.243 GC heap before
{Heap before GC invocations=71 (full 0):
 garbage-first heap   total 999424K, used 835858K [0x0000000700000000, 0x0000000800000000)
  region size 2048K, 292 young (598016K), 11 survivors (22528K)
 Metaspace       used 171049K, committed 172480K, reserved 1048576K
  class space    used 20982K, committed 21696K, reserved 851968K
}
Event: 165.297 GC heap after
{Heap after GC invocations=72 (full 0):
 garbage-first heap   total 999424K, used 268489K [0x0000000700000000, 0x0000000800000000)
  region size 2048K, 15 young (30720K), 15 survivors (30720K)
 Metaspace       used 171049K, committed 172480K, reserved 1048576K
  class space    used 20982K, committed 21696K, reserved 851968K
}
Event: 167.539 GC heap before
{Heap before GC invocations=72 (full 0):
 garbage-first heap   total 999424K, used 835785K [0x0000000700000000, 0x0000000800000000)
  region size 2048K, 292 young (598016K), 15 survivors (30720K)
 Metaspace       used 171075K, committed 172480K, reserved 1048576K
  class space    used 20982K, committed 21696K, reserved 851968K
}
Event: 167.722 GC heap after
{Heap after GC invocations=73 (full 0):
 garbage-first heap   total 999424K, used 265582K [0x0000000700000000, 0x0000000800000000)
  region size 2048K, 17 young (34816K), 17 survivors (34816K)
 Metaspace       used 171075K, committed 172480K, reserved 1048576K
  class space    used 20982K, committed 21696K, reserved 851968K
}
Event: 269.348 GC heap before
{Heap before GC invocations=73 (full 0):
 garbage-first heap   total 999424K, used 832878K [0x0000000700000000, 0x0000000800000000)
  region size 2048K, 292 young (598016K), 17 survivors (34816K)
 Metaspace       used 173030K, committed 174528K, reserved 1048576K
  class space    used 21204K, committed 21952K, reserved 851968K
}
Event: 269.816 GC heap after
{Heap after GC invocations=74 (full 0):
 garbage-first heap   total 999424K, used 291182K [0x0000000700000000, 0x0000000800000000)
  region size 2048K, 26 young (53248K), 26 survivors (53248K)
 Metaspace       used 173030K, committed 174528K, reserved 1048576K
  class space    used 21204K, committed 21952K, reserved 851968K
}
Event: 270.687 GC heap before
{Heap before GC invocations=74 (full 0):
 garbage-first heap   total 999424K, used 336238K [0x0000000700000000, 0x0000000800000000)
  region size 2048K, 49 young (100352K), 26 survivors (53248K)
 Metaspace       used 173039K, committed 174528K, reserved 1048576K
  class space    used 21205K, committed 21952K, reserved 851968K
}
Event: 271.873 GC heap after
{Heap after GC invocations=75 (full 0):
 garbage-first heap   total 999424K, used 301383K [0x0000000700000000, 0x0000000800000000)
  region size 2048K, 6 young (12288K), 6 survivors (12288K)
 Metaspace       used 173039K, committed 174528K, reserved 1048576K
  class space    used 21205K, committed 21952K, reserved 851968K
}
Event: 271.962 GC heap before
{Heap before GC invocations=75 (full 0):
 garbage-first heap   total 999424K, used 336199K [0x0000000700000000, 0x0000000800000000)
  region size 2048K, 24 young (49152K), 6 survivors (12288K)
 Metaspace       used 173039K, committed 174528K, reserved 1048576K
  class space    used 21205K, committed 21952K, reserved 851968K
}

